
==================================================
energy_tracker.py — 2026-03-21 09:00
==================================================
🔑 Alpha Vantage key encontrada
❌ Sin datos energéticos
✅ Ormuz: nivel=rojo | alertas=33

==================================================
energy_tracker.py — 2026-03-21 21:00
==================================================
🔑 Consultando Alpha Vantage...
✅ Datos actualizados. Brent actual: 70.01 USD
✅ Ormuz: nivel=rojo | alertas=40
HTTP Error 404: {"quoteSummary":{"result":null,"error":{"code":"Not Found","description":"Quote not found for symbol: BRN=F"}}}
$BRN=F: possibly delisted; no price data found  (period=30d) (Yahoo error = "No data found, symbol may be delisted")

1 Failed download:
['BRN=F']: possibly delisted; no price data found  (period=30d) (Yahoo error = "No data found, symbol may be delisted")

==================================================
energy_tracker.py — 2026-03-22 09:00
==================================================
🔑 Consultando Alpha Vantage...
🔄 Alpha Vantage sin datos. Saltando a Yahoo Finance...
  ⚠️ Usando precio de referencia OSINT (Fallback Crítico)
✅ Datos actualizados. Brent actual: 107.80 USD
✅ Ormuz: nivel=rojo | alertas=52

==================================================
energy_tracker.py — 2026-03-22 21:00
==================================================
🔑 Consultando Alpha Vantage...
✅ Datos actualizados. Brent actual: 70.01 USD
✅ Ormuz: nivel=rojo | alertas=54
HTTP Error 404: {"quoteSummary":{"result":null,"error":{"code":"Not Found","description":"Quote not found for symbol: BRN=F"}}}
$BRN=F: possibly delisted; no price data found  (period=30d) (Yahoo error = "No data found, symbol may be delisted")

1 Failed download:
['BRN=F']: possibly delisted; no price data found  (period=30d) (Yahoo error = "No data found, symbol may be delisted")

==================================================
energy_tracker.py — 2026-03-23 09:00
==================================================
🔑 Consultando Alpha Vantage...
🔄 Alpha Vantage sin datos. Saltando a Yahoo Finance...
  ⚠️ Usando precio de referencia OSINT (Fallback Crítico)
✅ Datos actualizados. Brent actual: 107.80 USD
✅ Ormuz: nivel=rojo | alertas=58

==================================================
energy_tracker.py — 2026-03-23 21:00
==================================================
🔑 Consultando Alpha Vantage...
✅ Datos actualizados. Brent actual: 70.01 USD
✅ Ormuz: nivel=rojo | alertas=63
HTTP Error 404: {"quoteSummary":{"result":null,"error":{"code":"Not Found","description":"Quote not found for symbol: BRN=F"}}}
$BRN=F: possibly delisted; no price data found  (period=30d) (Yahoo error = "No data found, symbol may be delisted")

1 Failed download:
['BRN=F']: possibly delisted; no price data found  (period=30d) (Yahoo error = "No data found, symbol may be delisted")

==================================================
energy_tracker.py — 2026-03-24 09:00
==================================================
🔑 Consultando Alpha Vantage...
🔄 Alpha Vantage sin datos. Saltando a Yahoo Finance...
  ⚠️ Usando precio de referencia OSINT (Fallback Crítico)
✅ Datos actualizados. Brent actual: 107.80 USD
✅ Ormuz: nivel=rojo | alertas=62

==================================================
energy_tracker.py — 2026-03-24 21:00
==================================================
🔑 Consultando Alpha Vantage...
✅ Datos actualizados. Brent actual: 70.01 USD
✅ Ormuz: nivel=rojo | alertas=62
HTTP Error 404: {"quoteSummary":{"result":null,"error":{"code":"Not Found","description":"Quote not found for symbol: BRN=F"}}}
$BRN=F: possibly delisted; no price data found  (period=30d) (Yahoo error = "No data found, symbol may be delisted")

1 Failed download:
['BRN=F']: possibly delisted; no price data found  (period=30d) (Yahoo error = "No data found, symbol may be delisted")
HTTP Error 404: {"quoteSummary":{"result":null,"error":{"code":"Not Found","description":"Quote not found for symbol: BRN=F"}}}
$BRN=F: possibly delisted; no price data found  (period=30d) (Yahoo error = "No data found, symbol may be delisted")

1 Failed download:
['BRN=F']: possibly delisted; no price data found  (period=30d) (Yahoo error = "No data found, symbol may be delisted")
HTTP Error 404: {"quoteSummary":{"result":null,"error":{"code":"Not Found","description":"Quote not found for symbol: BRN=F"}}}
$BRN=F: possibly delisted; no price data found  (period=30d) (Yahoo error = "No data found, symbol may be delisted")

1 Failed download:
['BRN=F']: possibly delisted; no price data found  (period=30d) (Yahoo error = "No data found, symbol may be delisted")
HTTP Error 404: {"quoteSummary":{"result":null,"error":{"code":"Not Found","description":"Quote not found for symbol: BRN=F"}}}
$BRN=F: possibly delisted; no price data found  (period=30d) (Yahoo error = "No data found, symbol may be delisted")

1 Failed download:
['BRN=F']: possibly delisted; no price data found  (period=30d) (Yahoo error = "No data found, symbol may be delisted")
HTTP Error 404: {"quoteSummary":{"result":null,"error":{"code":"Not Found","description":"Quote not found for symbol: BRN=F"}}}
$BRN=F: possibly delisted; no price data found  (period=30d) (Yahoo error = "No data found, symbol may be delisted")

1 Failed download:
['BRN=F']: possibly delisted; no price data found  (period=30d) (Yahoo error = "No data found, symbol may be delisted")
HTTP Error 404: {"quoteSummary":{"result":null,"error":{"code":"Not Found","description":"Quote not found for symbol: BRN=F"}}}
$BRN=F: possibly delisted; no price data found  (period=30d) (Yahoo error = "No data found, symbol may be delisted")

1 Failed download:
['BRN=F']: possibly delisted; no price data found  (period=30d) (Yahoo error = "No data found, symbol may be delisted")
Failed to get ticker 'BRN=F' reason: Failed to perform, curl: (6) Could not resolve host: query1.finance.yahoo.com. See https://curl.se/libcurl/c/libcurl-errors.html first for more details.

1 Failed download:
['BRN=F']: DNSError('Failed to perform, curl: (6) Could not resolve host: query1.finance.yahoo.com. See https://curl.se/libcurl/c/libcurl-errors.html first for more details.')
HTTP Error 404: {"quoteSummary":{"result":null,"error":{"code":"Not Found","description":"Quote not found for symbol: BRN=F"}}}
$BRN=F: possibly delisted; no price data found  (period=30d) (Yahoo error = "No data found, symbol may be delisted")

1 Failed download:
['BRN=F']: possibly delisted; no price data found  (period=30d) (Yahoo error = "No data found, symbol may be delisted")
HTTP Error 404: {"quoteSummary":{"result":null,"error":{"code":"Not Found","description":"Quote not found for symbol: BRN=F"}}}
$BRN=F: possibly delisted; no price data found  (period=30d) (Yahoo error = "No data found, symbol may be delisted")

1 Failed download:
['BRN=F']: possibly delisted; no price data found  (period=30d) (Yahoo error = "No data found, symbol may be delisted")
HTTP Error 404: {"quoteSummary":{"result":null,"error":{"code":"Not Found","description":"Quote not found for symbol: BRN=F"}}}
$BRN=F: possibly delisted; no price data found  (period=30d) (Yahoo error = "No data found, symbol may be delisted")

1 Failed download:
['BRN=F']: possibly delisted; no price data found  (period=30d) (Yahoo error = "No data found, symbol may be delisted")
HTTP Error 404: {"quoteSummary":{"result":null,"error":{"code":"Not Found","description":"Quote not found for symbol: BRN=F"}}}
$BRN=F: possibly delisted; no price data found  (period=30d) (Yahoo error = "No data found, symbol may be delisted")

1 Failed download:
['BRN=F']: possibly delisted; no price data found  (period=30d) (Yahoo error = "No data found, symbol may be delisted")
HTTP Error 404: {"quoteSummary":{"result":null,"error":{"code":"Not Found","description":"Quote not found for symbol: BRN=F"}}}
$BRN=F: possibly delisted; no price data found  (period=30d) (Yahoo error = "No data found, symbol may be delisted")

1 Failed download:
['BRN=F']: possibly delisted; no price data found  (period=30d) (Yahoo error = "No data found, symbol may be delisted")
HTTP Error 404: {"quoteSummary":{"result":null,"error":{"code":"Not Found","description":"Quote not found for symbol: BRN=F"}}}
$BRN=F: possibly delisted; no price data found  (period=30d) (Yahoo error = "No data found, symbol may be delisted")

1 Failed download:
['BRN=F']: possibly delisted; no price data found  (period=30d) (Yahoo error = "No data found, symbol may be delisted")
HTTP Error 404: {"quoteSummary":{"result":null,"error":{"code":"Not Found","description":"Quote not found for symbol: BRN=F"}}}
$BRN=F: possibly delisted; no price data found  (period=30d) (Yahoo error = "No data found, symbol may be delisted")

1 Failed download:
['BRN=F']: possibly delisted; no price data found  (period=30d) (Yahoo error = "No data found, symbol may be delisted")
